#
# There is insufficient memory for the Java Runtime Environment to continue.
# Native memory allocation (malloc) failed to allocate 1086176 bytes for Chunk::new
# Possible reasons:
#   The system is out of physical RAM or swap space
#   The process is running with CompressedOops enabled, and the Java Heap may be blocking the growth of the native heap
# Possible solutions:
#   Reduce memory load on the system
#   Increase physical memory or swap space
#   Check if swap backing store is full
#   Decrease Java heap size (-Xmx/-Xms)
#   Decrease number of Java threads
#   Decrease Java thread stack sizes (-Xss)
#   Set larger code cache with -XX:ReservedCodeCacheSize=
#   JVM is running with Unscaled Compressed Oops mode in which the Java heap is
#     placed in the first 4GB address space. The Java Heap base address is the
#     maximum limit for the native heap growth. Please use -XX:HeapBaseMinAddress
#     to set the Java Heap base and to place the Java Heap above 4GB virtual address.
# This output file may be truncated or incomplete.
#
#  Out of Memory Error (allocation.cpp:389), pid=9160, tid=0x0000000000002258
#
# JRE version: OpenJDK Runtime Environment (8.0_242-b01) (build 1.8.0_242-release-1644-b01)
# Java VM: OpenJDK 64-Bit Server VM (25.242-b01 mixed mode windows-amd64 compressed oops)
# Failed to write core dump. Minidumps are not enabled by default on client versions of Windows
#

---------------  T H R E A D  ---------------

Current thread (0x00000000193f2000):  JavaThread "C2 CompilerThread0" daemon [_thread_in_native, id=8792, stack(0x000000001a410000,0x000000001a510000)]

Stack: [0x000000001a410000,0x000000001a510000]
[error occurred during error reporting (printing stack bounds), id 0xc0000005]

Native frames: (J=compiled Java code, j=interpreted, Vv=VM code, C=native code)


Current CompileTask:
C2:3271376 27794       4       com.android.tools.r8.ir.conversion.N::a (737 bytes)


---------------  P R O C E S S  ---------------

Java Threads: ( => current thread )
  0x000000002b58a000 JavaThread "WorkerExecutor Queue Thread 3" [_thread_blocked, id=7352, stack(0x000000003c050000,0x000000003c150000)]
  0x000000001dbdc800 JavaThread "stdout" [_thread_in_native, id=8040, stack(0x000000003b550000,0x000000003b650000)]
  0x000000001dbdd800 JavaThread "stderr" [_thread_in_native, id=5336, stack(0x000000003b450000,0x000000003b550000)]
  0x000000001dbd0800 JavaThread "Cache worker for Java compile cache (D:\AndroidStudioProjects\SyllabusNITJ_Final\.gradle\6.1.1\javaCompile)" [_thread_blocked, id=5876, stack(0x000000003b150000,0x000000003b250000)]
  0x000000001dbd7000 JavaThread "WorkerExecutor Queue Thread 2" [_thread_blocked, id=6116, stack(0x000000003ae50000,0x000000003af50000)]
  0x000000001dbd6800 JavaThread "stdout" [_thread_in_native, id=10092, stack(0x000000003ad50000,0x000000003ae50000)]
  0x000000001dbd5800 JavaThread "stderr" [_thread_in_native, id=7008, stack(0x000000003ac50000,0x000000003ad50000)]
  0x000000001dbd4000 JavaThread "pool-33-thread-1" [_thread_blocked, id=8468, stack(0x000000003ab50000,0x000000003ac50000)]
  0x000000001f0c9800 JavaThread "Cache worker for execution history cache (D:\AndroidStudioProjects\SyllabusNITJ_Final\.gradle\6.1.1\executionHistory)" [_thread_blocked, id=3568, stack(0x000000003a950000,0x000000003aa50000)]
  0x000000001f0c8000 JavaThread "Execution worker for ':'" [_thread_in_native, id=7812, stack(0x000000003a850000,0x000000003a950000)]
  0x000000001f0c7800 JavaThread "Cache worker for file content cache (D:\AndroidStudioProjects\SyllabusNITJ_Final\.gradle\6.1.1\fileContent)" [_thread_blocked, id=8580, stack(0x000000003a450000,0x000000003a550000)]
  0x000000001f0c6800 JavaThread "Cache worker for Build Output Cleanup Cache (D:\AndroidStudioProjects\SyllabusNITJ_Final\.gradle\buildOutputCleanup)" [_thread_blocked, id=9692, stack(0x000000003a350000,0x000000003a450000)]
  0x000000001f0bf000 JavaThread "pool-32-thread-1" [_thread_blocked, id=6332, stack(0x000000003a250000,0x000000003a350000)]
  0x000000001f0c4800 JavaThread "Build operations Thread 2" [_thread_blocked, id=376, stack(0x000000003a150000,0x000000003a250000)]
  0x000000001f0c6000 JavaThread "Build operations" [_thread_blocked, id=8220, stack(0x000000003a050000,0x000000003a150000)]
  0x000000001f0bd000 JavaThread "Cache worker for cache directory md-rule (D:\Installed Apps\.gradle\caches\6.1.1\md-rule)" [_thread_blocked, id=5596, stack(0x0000000039f50000,0x000000003a050000)]
  0x000000001f0c3800 JavaThread "Cache worker for cache directory md-supplier (D:\Installed Apps\.gradle\caches\6.1.1\md-supplier)" [_thread_blocked, id=9252, stack(0x0000000039e50000,0x0000000039f50000)]
  0x000000001f0c3000 JavaThread "Cache worker for file hash cache (D:\AndroidStudioProjects\SyllabusNITJ_Final\.gradle\6.1.1\fileHashes)" [_thread_blocked, id=8816, stack(0x0000000039d50000,0x0000000039e50000)]
  0x000000001f0c0800 JavaThread "Cache worker for checksums cache (D:\AndroidStudioProjects\SyllabusNITJ_Final\.gradle\checksums)" [_thread_blocked, id=10212, stack(0x0000000039c50000,0x0000000039d50000)]
  0x000000001f0be800 JavaThread "Thread-231" [_thread_blocked, id=8248, stack(0x0000000039b50000,0x0000000039c50000)]
  0x000000001f0bc000 JavaThread "Asynchronous log dispatcher for DefaultDaemonConnection: socket connection from /127.0.0.1:59488 to /127.0.0.1:60560" [_thread_blocked, id=8188, stack(0x0000000039950000,0x0000000039a50000)]
  0x000000001c0ff800 JavaThread "Daemon worker Thread 9" [_thread_in_native, id=6824, stack(0x0000000039850000,0x0000000039950000)]
  0x000000001c106800 JavaThread "Cancel handler" [_thread_blocked, id=7896, stack(0x0000000039750000,0x0000000039850000)]
  0x000000001c105800 JavaThread "Handler for socket connection from /127.0.0.1:59488 to /127.0.0.1:60560" [_thread_in_native, id=9176, stack(0x0000000039650000,0x0000000039750000)]
  0x000000001c100800 JavaThread "Daemon Thread 9" [_thread_blocked, id=8648, stack(0x0000000039550000,0x0000000039650000)]
  0x000000001dbde000 JavaThread "Cache worker for Java compile cache (D:\Installed Apps\.gradle\caches\6.1.1\javaCompile)" [_thread_blocked, id=10116, stack(0x0000000025f30000,0x0000000026030000)]
  0x000000001dbd8800 JavaThread "Cache worker for file content cache (D:\Installed Apps\.gradle\caches\6.1.1\fileContent)" [_thread_blocked, id=4184, stack(0x0000000023a30000,0x0000000023b30000)]
  0x000000001dbd5000 JavaThread "Memory manager" [_thread_blocked, id=7108, stack(0x0000000023930000,0x0000000023a30000)]
  0x000000001c101000 JavaThread "Cache worker for execution history cache (D:\Installed Apps\.gradle\caches\6.1.1\executionHistory)" [_thread_blocked, id=9864, stack(0x0000000020600000,0x0000000020700000)]
  0x000000001c105000 JavaThread "Cache worker for file hash cache (D:\Installed Apps\.gradle\caches\6.1.1\fileHashes)" [_thread_blocked, id=1260, stack(0x000000001ea30000,0x000000001eb30000)]
  0x000000001c102800 JavaThread "File lock request listener" [_thread_in_native, id=6828, stack(0x000000001e930000,0x000000001ea30000)]
  0x000000001c103800 JavaThread "Cache worker for journal cache (D:\Installed Apps\.gradle\caches\journal-1)" [_thread_blocked, id=7288, stack(0x000000001e830000,0x000000001e930000)]
  0x000000001b6d2800 JavaThread "Daemon periodic checks" [_thread_blocked, id=6832, stack(0x000000001cc60000,0x000000001cd60000)]
  0x000000001bcdd000 JavaThread "Incoming local TCP Connector on port 59488" [_thread_in_native, id=2120, stack(0x000000001ca20000,0x000000001cb20000)]
  0x000000001be22800 JavaThread "Daemon health stats" [_thread_blocked, id=6368, stack(0x000000001c3e0000,0x000000001c4e0000)]
  0x000000001946d800 JavaThread "Service Thread" daemon [_thread_blocked, id=10176, stack(0x000000001a610000,0x000000001a710000)]
  0x00000000193f5800 JavaThread "C1 CompilerThread1" daemon [_thread_blocked, id=3028, stack(0x000000001a510000,0x000000001a610000)]
=>0x00000000193f2000 JavaThread "C2 CompilerThread0" daemon [_thread_in_native, id=8792, stack(0x000000001a410000,0x000000001a510000)]
  0x00000000193f0800 JavaThread "Attach Listener" daemon [_thread_blocked, id=9088, stack(0x000000001a310000,0x000000001a410000)]
  0x00000000193ed800 JavaThread "Signal Dispatcher" daemon [_thread_blocked, id=5640, stack(0x000000001a210000,0x000000001a310000)]
  0x0000000004a07000 JavaThread "Finalizer" daemon [_thread_blocked, id=9724, stack(0x000000001a020000,0x000000001a120000)]
  0x00000000193d7000 JavaThread "Reference Handler" daemon [_thread_blocked, id=7748, stack(0x0000000019f20000,0x000000001a020000)]
  0x000000000480e800 JavaThread "main" [_thread_blocked, id=8496, stack(0x0000000004810000,0x0000000004910000)]

Other Threads:
  0x00000000193b6000 VMThread [stack: 0x0000000019e20000,0x0000000019f20000] [id=5812]
  0x000000001946f800 WatcherThread [stack: 0x000000001a710000,0x000000001a810000] [id=5608]

VM state:not at safepoint (normal execution)

VM Mutex/Monitor currently owned by a thread: None

heap address: 0x0000000080000000, size: 2048 MB, Compressed Oops mode: 32-bit
Narrow klass base: 0x0000000000000000, Narrow klass shift: 3
Compressed class space size: 1073741824 Address: 0x0000000100000000

Heap:
 PSYoungGen      total 428032K, used 396607K [0x00000000d5580000, 0x00000000f7300000, 0x0000000100000000)
  eden space 371200K, 95% used [0x00000000d5580000,0x00000000eb108750,0x00000000ec000000)
  from space 56832K, 71% used [0x00000000ec000000,0x00000000ee7c7580,0x00000000ef780000)
  to   space 59904K, 0% used [0x00000000f3880000,0x00000000f3880000,0x00000000f7300000)
 ParOldGen       total 135680K, used 112441K [0x0000000080000000, 0x0000000088480000, 0x00000000d5580000)
  object space 135680K, 82% used [0x0000000080000000,0x0000000086dce428,0x0000000088480000)
 Metaspace       used 141364K, capacity 148502K, committed 148776K, reserved 1179648K
  class space    used 17962K, capacity 19197K, committed 19248K, reserved 1048576K

Card table byte_map: [0x0000000013dd0000,0x00000000141e0000] byte_map_base: 0x00000000139d0000

Marking Bits: (ParMarkBitMap*) 0x000000005595f030
 Begin Bits: [0x0000000014690000, 0x0000000016690000)
 End Bits:   [0x0000000016690000, 0x0000000018690000)

Polling page: 0x0000000002dc0000

CodeCache: size=245760Kb used=71207Kb max_used=71236Kb free=174552Kb
 bounds [0x0000000004a10000, 0x0000000009010000, 0x0000000013a10000]
 total_blobs=22033 nmethods=21035 adapters=908
 compilation: enabled

Compilation events (10 events):
Event: 3268.303 Thread 0x00000000193f5800 27845       1       com.android.tools.r8.graph.W::a (5 bytes)
Event: 3268.303 Thread 0x00000000193f5800 nmethod 27845 0x0000000008fc91d0 code [0x0000000008fc9320, 0x0000000008fc9410]
Event: 3268.304 Thread 0x00000000193f5800 27846       2       com.android.tools.r8.s.a.a.b.H::a (5 bytes)
Event: 3268.305 Thread 0x00000000193f5800 nmethod 27846 0x0000000008fc8e90 code [0x0000000008fc8fe0, 0x0000000008fc9130]
Event: 3268.306 Thread 0x00000000193f5800 27847       1       com.android.tools.r8.BaseCompilerCommand$Builder::getProgramConsumer (5 bytes)
Event: 3268.306 Thread 0x00000000193f5800 nmethod 27847 0x0000000008fc8bd0 code [0x0000000008fc8d20, 0x0000000008fc8e30]
Event: 3268.341 Thread 0x00000000193f5800 27848 %     3       com.android.tools.r8.u.b.n$d::doHash @ 15 (49 bytes)
Event: 3268.342 Thread 0x00000000193f5800 nmethod 27848% 0x0000000008fc8110 code [0x0000000008fc82c0, 0x0000000008fc89e8]
Event: 3268.405 Thread 0x00000000193f5800 27849       2       com.android.tools.r8.ir.analysis.type.f::a (55 bytes)
Event: 3268.406 Thread 0x00000000193f5800 nmethod 27849 0x0000000008fc7cd0 code [0x0000000008fc7e40, 0x0000000008fc8028]

GC Heap History (10 events):
Event: 3065.663 GC heap before
{Heap before GC invocations=33 (full 4):
 PSYoungGen      total 349696K, used 336400K [0x00000000d5580000, 0x00000000ed280000, 0x0000000100000000)
  eden space 322560K, 99% used [0x00000000d5580000,0x00000000e904adf8,0x00000000e9080000)
  from space 27136K, 51% used [0x00000000eb800000,0x00000000ec5b92d0,0x00000000ed280000)
  to   space 33792K, 0% used [0x00000000e9080000,0x00000000e9080000,0x00000000eb180000)
 ParOldGen       total 135680K, used 82955K [0x0000000080000000, 0x0000000088480000, 0x00000000d5580000)
  object space 135680K, 61% used [0x0000000080000000,0x0000000085102f38,0x0000000088480000)
 Metaspace       used 100797K, capacity 106854K, committed 107048K, reserved 1142784K
  class space    used 12960K, capacity 14014K, committed 14128K, reserved 1048576K
Event: 3066.286 GC heap after
Heap after GC invocations=33 (full 4):
 PSYoungGen      total 356352K, used 22552K [0x00000000d5580000, 0x00000000eec00000, 0x0000000100000000)
  eden space 322560K, 0% used [0x00000000d5580000,0x00000000d5580000,0x00000000e9080000)
  from space 33792K, 66% used [0x00000000e9080000,0x00000000ea686248,0x00000000eb180000)
  to   space 34816K, 0% used [0x00000000eca00000,0x00000000eca00000,0x00000000eec00000)
 ParOldGen       total 135680K, used 82963K [0x0000000080000000, 0x0000000088480000, 0x00000000d5580000)
  object space 135680K, 61% used [0x0000000080000000,0x0000000085104f38,0x0000000088480000)
 Metaspace       used 100797K, capacity 106854K, committed 107048K, reserved 1142784K
  class space    used 12960K, capacity 14014K, committed 14128K, reserved 1048576K
}
Event: 3125.621 GC heap before
{Heap before GC invocations=34 (full 4):
 PSYoungGen      total 356352K, used 345112K [0x00000000d5580000, 0x00000000eec00000, 0x0000000100000000)
  eden space 322560K, 100% used [0x00000000d5580000,0x00000000e9080000,0x00000000e9080000)
  from space 33792K, 66% used [0x00000000e9080000,0x00000000ea686248,0x00000000eb180000)
  to   space 34816K, 0% used [0x00000000eca00000,0x00000000eca00000,0x00000000eec00000)
 ParOldGen       total 135680K, used 82963K [0x0000000080000000, 0x0000000088480000, 0x00000000d5580000)
  object space 135680K, 61% used [0x0000000080000000,0x0000000085104f38,0x0000000088480000)
 Metaspace       used 101170K, capacity 107200K, committed 107560K, reserved 1142784K
  class space    used 12966K, capacity 14019K, committed 14128K, reserved 1048576K
Event: 3125.868 GC heap after
Heap after GC invocations=34 (full 4):
 PSYoungGen      total 380416K, used 24353K [0x00000000d5580000, 0x00000000eee00000, 0x0000000100000000)
  eden space 345600K, 0% used [0x00000000d5580000,0x00000000d5580000,0x00000000ea700000)
  from space 34816K, 69% used [0x00000000eca00000,0x00000000ee1c87f8,0x00000000eec00000)
  to   space 35840K, 0% used [0x00000000ea700000,0x00000000ea700000,0x00000000eca00000)
 ParOldGen       total 135680K, used 82971K [0x0000000080000000, 0x0000000088480000, 0x00000000d5580000)
  object space 135680K, 61% used [0x0000000080000000,0x0000000085106f38,0x0000000088480000)
 Metaspace       used 101170K, capacity 107200K, committed 107560K, reserved 1142784K
  class space    used 12966K, capacity 14019K, committed 14128K, reserved 1048576K
}
Event: 3175.887 GC heap before
{Heap before GC invocations=35 (full 4):
 PSYoungGen      total 380416K, used 369953K [0x00000000d5580000, 0x00000000eee00000, 0x0000000100000000)
  eden space 345600K, 100% used [0x00000000d5580000,0x00000000ea700000,0x00000000ea700000)
  from space 34816K, 69% used [0x00000000eca00000,0x00000000ee1c87f8,0x00000000eec00000)
  to   space 35840K, 0% used [0x00000000ea700000,0x00000000ea700000,0x00000000eca00000)
 ParOldGen       total 135680K, used 82971K [0x0000000080000000, 0x0000000088480000, 0x00000000d5580000)
  object space 135680K, 61% used [0x0000000080000000,0x0000000085106f38,0x0000000088480000)
 Metaspace       used 134044K, capacity 141018K, committed 141480K, reserved 1171456K
  class space    used 17281K, capacity 18521K, committed 18608K, reserved 1048576K
Event: 3176.402 GC heap after
Heap after GC invocations=35 (full 4):
 PSYoungGen      total 381440K, used 35819K [0x00000000d5580000, 0x00000000f2880000, 0x0000000100000000)
  eden space 345600K, 0% used [0x00000000d5580000,0x00000000d5580000,0x00000000ea700000)
  from space 35840K, 99% used [0x00000000ea700000,0x00000000ec9fac08,0x00000000eca00000)
  to   space 50176K, 0% used [0x00000000ef780000,0x00000000ef780000,0x00000000f2880000)
 ParOldGen       total 135680K, used 107766K [0x0000000080000000, 0x0000000088480000, 0x00000000d5580000)
  object space 135680K, 79% used [0x0000000080000000,0x000000008693d9a0,0x0000000088480000)
 Metaspace       used 134044K, capacity 141018K, committed 141480K, reserved 1171456K
  class space    used 17281K, capacity 18521K, committed 18608K, reserved 1048576K
}
Event: 3233.619 GC heap before
{Heap before GC invocations=36 (full 4):
 PSYoungGen      total 381440K, used 381419K [0x00000000d5580000, 0x00000000f2880000, 0x0000000100000000)
  eden space 345600K, 100% used [0x00000000d5580000,0x00000000ea700000,0x00000000ea700000)
  from space 35840K, 99% used [0x00000000ea700000,0x00000000ec9fac08,0x00000000eca00000)
  to   space 50176K, 0% used [0x00000000ef780000,0x00000000ef780000,0x00000000f2880000)
 ParOldGen       total 135680K, used 107766K [0x0000000080000000, 0x0000000088480000, 0x00000000d5580000)
  object space 135680K, 79% used [0x0000000080000000,0x000000008693d9a0,0x0000000088480000)
 Metaspace       used 141172K, capacity 148304K, committed 148520K, reserved 1179648K
  class space    used 17946K, capacity 19184K, committed 19248K, reserved 1048576K
Event: 3237.371 GC heap after
Heap after GC invocations=36 (full 4):
 PSYoungGen      total 421376K, used 47145K [0x00000000d5580000, 0x00000000f5380000, 0x0000000100000000)
  eden space 371200K, 0% used [0x00000000d5580000,0x00000000d5580000,0x00000000ec000000)
  from space 50176K, 93% used [0x00000000ef780000,0x00000000f258a4a0,0x00000000f2880000)
  to   space 56832K, 0% used [0x00000000ec000000,0x00000000ec000000,0x00000000ef780000)
 ParOldGen       total 135680K, used 111979K [0x0000000080000000, 0x0000000088480000, 0x00000000d5580000)
  object space 135680K, 82% used [0x0000000080000000,0x0000000086d5ae68,0x0000000088480000)
 Metaspace       used 141172K, capacity 148304K, committed 148520K, reserved 1179648K
  class space    used 17946K, capacity 19184K, committed 19248K, reserved 1048576K
}
Event: 3257.625 GC heap before
{Heap before GC invocations=37 (full 4):
 PSYoungGen      total 421376K, used 418345K [0x00000000d5580000, 0x00000000f5380000, 0x0000000100000000)
  eden space 371200K, 100% used [0x00000000d5580000,0x00000000ec000000,0x00000000ec000000)
  from space 50176K, 93% used [0x00000000ef780000,0x00000000f258a4a0,0x00000000f2880000)
  to   space 56832K, 0% used [0x00000000ec000000,0x00000000ec000000,0x00000000ef780000)
 ParOldGen       total 135680K, used 111979K [0x0000000080000000, 0x0000000088480000, 0x00000000d5580000)
  object space 135680K, 82% used [0x0000000080000000,0x0000000086d5ae68,0x0000000088480000)
 Metaspace       used 141314K, capacity 148426K, committed 148520K, reserved 1179648K
  class space    used 17961K, capacity 19195K, committed 19248K, reserved 1048576K
Event: 3258.662 GC heap after
Heap after GC invocations=37 (full 4):
 PSYoungGen      total 428032K, used 40733K [0x00000000d5580000, 0x00000000f7300000, 0x0000000100000000)
  eden space 371200K, 0% used [0x00000000d5580000,0x00000000d5580000,0x00000000ec000000)
  from space 56832K, 71% used [0x00000000ec000000,0x00000000ee7c7580,0x00000000ef780000)
  to   space 59904K, 0% used [0x00000000f3880000,0x00000000f3880000,0x00000000f7300000)
 ParOldGen       total 135680K, used 112441K [0x0000000080000000, 0x0000000088480000, 0x00000000d5580000)
  object space 135680K, 82% used [0x0000000080000000,0x0000000086dce428,0x0000000088480000)
 Metaspace       used 141314K, capacity 148426K, committed 148520K, reserved 1179648K
  class space    used 17961K, capacity 19195K, committed 19248K, reserved 1048576K
}

Deoptimization events (10 events):
Event: 3241.978 Thread 0x000000001c0ff800 Uncommon trap: reason=class_check action=maybe_recompile pc=0x0000000006fd7044 method=com.android.tools.r8.u.a.i.e.b(Lcom/android/tools/r8/u/b/h0;)V @ 379
Event: 3243.009 Thread 0x000000001f0c8000 Uncommon trap: reason=unstable_if action=reinterpret pc=0x000000000665f754 method=com.android.tools.r8.u.b.a0.a(Lcom/android/tools/r8/u/b/h0;)V @ 8
Event: 3245.288 Thread 0x000000001c0ff800 Uncommon trap: reason=class_check action=maybe_recompile pc=0x0000000006fd7044 method=com.android.tools.r8.u.a.i.e.b(Lcom/android/tools/r8/u/b/h0;)V @ 379
Event: 3255.376 Thread 0x000000001c0ff800 Uncommon trap: reason=bimorphic action=maybe_recompile pc=0x000000000662573c method=com.android.tools.r8.s.a.a.b.t0.a(Ljava/util/Collection;)Lcom/android/tools/r8/s/a/a/b/t0; @ 47
Event: 3255.528 Thread 0x000000001f0c8000 Uncommon trap: reason=bimorphic action=maybe_recompile pc=0x000000000662573c method=com.android.tools.r8.s.a.a.b.t0.a(Ljava/util/Collection;)Lcom/android/tools/r8/s/a/a/b/t0; @ 47
Event: 3255.546 Thread 0x000000001f0c8000 Uncommon trap: reason=bimorphic action=maybe_recompile pc=0x000000000662573c method=com.android.tools.r8.s.a.a.b.t0.a(Ljava/util/Collection;)Lcom/android/tools/r8/s/a/a/b/t0; @ 47
Event: 3255.718 Thread 0x000000001c0ff800 Uncommon trap: reason=bimorphic action=maybe_recompile pc=0x000000000662573c method=com.android.tools.r8.s.a.a.b.t0.a(Ljava/util/Collection;)Lcom/android/tools/r8/s/a/a/b/t0; @ 47
Event: 3263.313 Thread 0x000000001f0c8000 Uncommon trap: reason=predicate action=maybe_recompile pc=0x000000000727fc1c method=com.android.tools.r8.u.a.i.e.b()V @ 196
Event: 3267.812 Thread 0x000000001f0c8000 Uncommon trap: reason=unstable_if action=reinterpret pc=0x0000000007830ccc method=com.android.tools.r8.graph.w.equals(Ljava/lang/Object;)Z @ 30
Event: 3267.812 Thread 0x000000001f0c8000 Uncommon trap: reason=unstable_if action=reinterpret pc=0x0000000007833098 method=com.android.tools.r8.graph.w.equals(Ljava/lang/Object;)Z @ 30

Classes redefined (0 events):
No events

Internal exceptions (10 events):
Event: 3217.951 Thread 0x000000001dbd7000 Exception <a 'sun/nio/fs/WindowsException'> (0x00000000db2dafb0) thrown at [C:\src\AOSP-openjdk-git\hotspot\src\share\vm\prims\jni.cpp, line 710]
Event: 3218.180 Thread 0x000000001dbd7000 Exception <a 'sun/nio/fs/WindowsException'> (0x00000000dbf70c68) thrown at [C:\src\AOSP-openjdk-git\hotspot\src\share\vm\prims\jni.cpp, line 710]
Event: 3219.547 Thread 0x000000001c0ff800 Exception <a 'sun/nio/fs/WindowsException'> (0x00000000dc72aff8) thrown at [C:\src\AOSP-openjdk-git\hotspot\src\share\vm\prims\jni.cpp, line 710]
Event: 3219.840 Thread 0x000000001f0c8000 Exception <a 'sun/nio/fs/WindowsException'> (0x00000000dd2a1110) thrown at [C:\src\AOSP-openjdk-git\hotspot\src\share\vm\prims\jni.cpp, line 710]
Event: 3264.117 Thread 0x000000001c0ff800 Exception <a 'sun/nio/fs/WindowsException'> (0x00000000e0faf7d8) thrown at [C:\src\AOSP-openjdk-git\hotspot\src\share\vm\prims\jni.cpp, line 710]
Event: 3266.034 Thread 0x000000001c0ff800 Exception <a 'sun/nio/fs/WindowsException'> (0x00000000e105c688) thrown at [C:\src\AOSP-openjdk-git\hotspot\src\share\vm\prims\jni.cpp, line 710]
Event: 3267.534 Thread 0x000000001c0ff800 Exception <a 'sun/nio/fs/WindowsException'> (0x00000000e9bcdf90) thrown at [C:\src\AOSP-openjdk-git\hotspot\src\share\vm\prims\jni.cpp, line 710]
Event: 3267.899 Thread 0x000000001f0c8000 Exception <a 'sun/nio/fs/WindowsException'> (0x00000000ea95d378) thrown at [C:\src\AOSP-openjdk-git\hotspot\src\share\vm\prims\jni.cpp, line 710]
Event: 3268.302 Thread 0x000000001c0ff800 Exception <a 'sun/nio/fs/WindowsException'> (0x00000000e9c2fe60) thrown at [C:\src\AOSP-openjdk-git\hotspot\src\share\vm\prims\jni.cpp, line 710]
Event: 3268.433 Thread 0x000000001c0ff800 Exception <a 'sun/nio/fs/WindowsException'> (0x00000000eadeeb88) thrown at [C:\src\AOSP-openjdk-git\hotspot\src\share\vm\prims\jni.cpp, line 710]

Events (10 events):
Event: 3267.812 Thread 0x000000001f0c8000 DEOPT PACKING pc=0x0000000007833098 sp=0x000000003a94a720
Event: 3267.812 Thread 0x000000001f0c8000 DEOPT UNPACKING pc=0x0000000004a5557b sp=0x000000003a94a608 mode 2
Event: 3267.816 Thread 0x000000001f0c8000 DEOPT PACKING pc=0x00000000077f193c sp=0x000000003a94abc0
Event: 3267.817 Thread 0x000000001f0c8000 DEOPT UNPACKING pc=0x0000000004a571d0 sp=0x000000003a94aa00 mode 0
Event: 3267.818 Thread 0x000000001f0c8000 DEOPT PACKING pc=0x000000000749bdcd sp=0x000000003a94aad0
Event: 3267.818 Thread 0x000000001f0c8000 DEOPT UNPACKING pc=0x0000000004a571d0 sp=0x000000003a94a8c0 mode 0
Event: 3268.414 Thread 0x000000001c0ff800 DEOPT PACKING pc=0x0000000004f64027 sp=0x0000000039947690
Event: 3268.415 Thread 0x000000001c0ff800 DEOPT UNPACKING pc=0x0000000004a571d0 sp=0x00000000399473b0 mode 0
Event: 3268.426 Thread 0x000000001c0ff800 DEOPT PACKING pc=0x0000000007fcfab9 sp=0x0000000039947660
Event: 3268.426 Thread 0x000000001c0ff800 DEOPT UNPACKING pc=0x0000000004a571d0 sp=0x0000000039947580 mode 0


Dynamic libraries:
0x00007ff716250000 - 0x00007ff716281000 	D:\Installed Apps\Android Stuff\jre\bin\java.exe
0x00007ffd8a570000 - 0x00007ffd8a750000 	C:\WINDOWS\SYSTEM32\ntdll.dll
0x00007ffd87de0000 - 0x00007ffd87e8e000 	C:\WINDOWS\System32\KERNEL32.DLL
0x00007ffd86bf0000 - 0x00007ffd86e56000 	C:\WINDOWS\System32\KERNELBASE.dll
0x00007ffd87a40000 - 0x00007ffd87ae1000 	C:\WINDOWS\System32\ADVAPI32.dll
0x00007ffd89390000 - 0x00007ffd8942d000 	C:\WINDOWS\System32\msvcrt.dll
0x00007ffd87d70000 - 0x00007ffd87dcb000 	C:\WINDOWS\System32\sechost.dll
0x00007ffd8a130000 - 0x00007ffd8a24f000 	C:\WINDOWS\System32\RPCRT4.dll
0x00007ffd8a350000 - 0x00007ffd8a4de000 	C:\WINDOWS\System32\USER32.dll
0x00007ffd86b20000 - 0x00007ffd86b40000 	C:\WINDOWS\System32\win32u.dll
0x00007ffd87d40000 - 0x00007ffd87d68000 	C:\WINDOWS\System32\GDI32.dll
0x00007ffd86f80000 - 0x00007ffd87114000 	C:\WINDOWS\System32\gdi32full.dll
0x00007ffd86ee0000 - 0x00007ffd86f7b000 	C:\WINDOWS\System32\msvcp_win.dll
0x00007ffd86970000 - 0x00007ffd86a66000 	C:\WINDOWS\System32\ucrtbase.dll
0x00007ffd75320000 - 0x00007ffd75589000 	C:\WINDOWS\WinSxS\amd64_microsoft.windows.common-controls_6595b64144ccf1df_6.0.16299.19_none_cc92fab02215da61\COMCTL32.dll
0x00007ffd89ae0000 - 0x00007ffd89de8000 	C:\WINDOWS\System32\combase.dll
0x00007ffd86e60000 - 0x00007ffd86ed2000 	C:\WINDOWS\System32\bcryptPrimitives.dll
0x00007ffd892d0000 - 0x00007ffd892fd000 	C:\WINDOWS\System32\IMM32.DLL
0x0000000054580000 - 0x0000000054652000 	D:\Installed Apps\Android Stuff\jre\jre\bin\msvcr100.dll
0x0000000055190000 - 0x00000000559db000 	D:\Installed Apps\Android Stuff\jre\jre\bin\server\jvm.dll
0x00007ffd87dd0000 - 0x00007ffd87dd8000 	C:\WINDOWS\System32\PSAPI.DLL
0x00007ffd75a00000 - 0x00007ffd75a09000 	C:\WINDOWS\SYSTEM32\WSOCK32.dll
0x00007ffd82d60000 - 0x00007ffd82d83000 	C:\WINDOWS\SYSTEM32\WINMM.dll
0x00007ffd89df0000 - 0x00007ffd89e5c000 	C:\WINDOWS\System32\WS2_32.dll
0x00007ffd7fa50000 - 0x00007ffd7fa5a000 	C:\WINDOWS\SYSTEM32\VERSION.dll
0x00007ffd82d30000 - 0x00007ffd82d5a000 	C:\WINDOWS\SYSTEM32\WINMMBASE.dll
0x00007ffd86ad0000 - 0x00007ffd86b1a000 	C:\WINDOWS\System32\cfgmgr32.dll
0x00007ffd81f60000 - 0x00007ffd81f6f000 	D:\Installed Apps\Android Stuff\jre\jre\bin\verify.dll
0x00007ffd7b040000 - 0x00007ffd7b069000 	D:\Installed Apps\Android Stuff\jre\jre\bin\java.dll
0x00007ffd81360000 - 0x00007ffd81376000 	D:\Installed Apps\Android Stuff\jre\jre\bin\zip.dll
0x00007ffd87e90000 - 0x00007ffd892c7000 	C:\WINDOWS\System32\SHELL32.dll
0x00007ffd87c90000 - 0x00007ffd87d36000 	C:\WINDOWS\System32\shcore.dll
0x00007ffd87120000 - 0x00007ffd87867000 	C:\WINDOWS\System32\windows.storage.dll
0x00007ffd8a4e0000 - 0x00007ffd8a531000 	C:\WINDOWS\System32\shlwapi.dll
0x00007ffd868e0000 - 0x00007ffd868f1000 	C:\WINDOWS\System32\kernel.appcore.dll
0x00007ffd86900000 - 0x00007ffd8694c000 	C:\WINDOWS\System32\powrprof.dll
0x00007ffd868c0000 - 0x00007ffd868db000 	C:\WINDOWS\System32\profapi.dll
0x00007ffd80630000 - 0x00007ffd8064a000 	D:\Installed Apps\Android Stuff\jre\jre\bin\net.dll
0x00007ffd86150000 - 0x00007ffd861b6000 	C:\WINDOWS\system32\mswsock.dll
0x00007ffd7d5c0000 - 0x00007ffd7d5d3000 	D:\Installed Apps\Android Stuff\jre\jre\bin\nio.dll
0x00007ffd7b6e0000 - 0x00007ffd7b706000 	D:\Installed Apps\.gradle\native\31\windows-amd64\native-platform.dll
0x00007ffd81560000 - 0x00007ffd8156d000 	D:\Installed Apps\Android Stuff\jre\jre\bin\management.dll
0x00007ffd86320000 - 0x00007ffd86337000 	C:\WINDOWS\SYSTEM32\CRYPTSP.dll
0x00007ffd85d60000 - 0x00007ffd85d93000 	C:\WINDOWS\system32\rsaenh.dll
0x00007ffd86420000 - 0x00007ffd86445000 	C:\WINDOWS\SYSTEM32\bcrypt.dll
0x00007ffd867c0000 - 0x00007ffd867e9000 	C:\WINDOWS\SYSTEM32\USERENV.dll
0x00007ffd86310000 - 0x00007ffd8631b000 	C:\WINDOWS\SYSTEM32\CRYPTBASE.dll
0x00007ffd85ee0000 - 0x00007ffd85f19000 	C:\WINDOWS\SYSTEM32\IPHLPAPI.DLL
0x00007ffd89300000 - 0x00007ffd89308000 	C:\WINDOWS\System32\NSI.dll
0x00007ffd7fbc0000 - 0x00007ffd7fbd6000 	C:\WINDOWS\SYSTEM32\dhcpcsvc6.DLL
0x00007ffd7fc80000 - 0x00007ffd7fc9a000 	C:\WINDOWS\SYSTEM32\dhcpcsvc.DLL
0x00007ffd75710000 - 0x00007ffd75734000 	D:\Installed Apps\Android Stuff\jre\jre\bin\sunec.dll
0x00007ffd85f20000 - 0x00007ffd85fd6000 	C:\WINDOWS\SYSTEM32\DNSAPI.dll
0x00007ffd7d880000 - 0x00007ffd7d88a000 	C:\Windows\System32\rasadhlp.dll
0x00007ffd7de70000 - 0x00007ffd7dee0000 	C:\WINDOWS\System32\fwpuclnt.dll
0x00007ffd819b0000 - 0x00007ffd819bb000 	D:\Installed Apps\Android Stuff\jre\jre\bin\sunmscapi.dll
0x00007ffd87870000 - 0x00007ffd87a3e000 	C:\WINDOWS\System32\CRYPT32.dll
0x00007ffd86950000 - 0x00007ffd86962000 	C:\WINDOWS\System32\MSASN1.dll
0x00007ffd85a30000 - 0x00007ffd85a61000 	C:\WINDOWS\SYSTEM32\ntmarta.dll

VM Arguments:
jvm_args: -Xmx2048m -Dfile.encoding=windows-1252 -Duser.country=US -Duser.language=en -Duser.variant 
java_command: org.gradle.launcher.daemon.bootstrap.GradleDaemon 6.1.1
java_class_path (initial): D:\Installed Apps\.gradle\wrapper\dists\gradle-6.1.1-all\cfmwm155h49vnt3hynmlrsdst\gradle-6.1.1\lib\gradle-launcher-6.1.1.jar
Launcher Type: SUN_STANDARD

Environment Variables:
JAVA_HOME=D:\Installed Apps\Java\jdk-15.0.1
JRE_HOME=D:\Installed Apps\Java\jdk-14.0.2+12-jre
PATH=C:\Program Files\Common Files\Oracle\Java\javapath;C:\Program Files (x86)\Intel\TXE Components\iCLS\;C:\Program Files\Intel\TXE Components\iCLS\;C:\WINDOWS\system32;C:\WINDOWS;C:\WINDOWS\System32\Wbem;C:\WINDOWS\System32\WindowsPowerShell\v1.0\;C:\Program Files\Intel\TXE Components\DAL\;C:\Program Files (x86)\Intel\TXE Components\DAL\;C:\Program Files\Intel\TXE Components\IPT\;C:\Program Files (x86)\Intel\TXE Components\IPT\;C:\Program Files\Intel\WiFi\bin\;C:\Program Files\Common Files\Intel\WirelessCommon\;C:\MinGW\bin;C:\Users\arvin\Desktop\LB 450;D:\Installed Apps\Java\jdk-15.0.1\bin;D:\Installed Apps\Git\cmd;D:\Installed Apps\Java\jdk-14.0.2+12-jre\bin;D:\Installed Apps\Ptyhon\Scripts\;D:\Installed Apps\Ptyhon\;D:\Installed Apps\Scripts\;D:\Installed Apps\;C:\Users\arvin\AppData\Local\Microsoft\WindowsApps;D:\Installed Apps\Microsoft VS Code\bin;C:\Users\arvin\Desktop\apache-tomcat-9.0.39\apache-tomcat-9.0.39\bin;D:\Android Tutuorials\CB Android\ffmpeg-4.3.1-2021-01-01-full_build\bin;
USERNAME=arvin
OS=Windows_NT
PROCESSOR_IDENTIFIER=Intel64 Family 6 Model 92 Stepping 9, GenuineIntel



---------------  S Y S T E M  ---------------

OS: Windows 10.0 , 64 bit Build 16299 (10.0.16299.15)

CPU:total 2 (initial active 2) (2 cores per cpu, 1 threads per core) family 6 model 92 stepping 9, cmov, cx8, fxsr, mmx, sse, sse2, sse3, ssse3, sse4.1, sse4.2, popcnt, aes, clmul, erms, 3dnowpref, tsc, tscinvbit

Memory: 4k page, physical 2974588k(247952k free), swap 6674040k(91356k free)

vm_info: OpenJDK 64-Bit Server VM (25.242-b01) for windows-amd64 JRE (1.8.0_242-release-1644-b01), built by "builder" with MS VC++ 10.0 (VS2010)

time: Fri Jan 15 14:57:41 2021
timezone: India Standard Time
elapsed time: 3269 seconds (0d 0h 54m 29s)

